<?xml version="1.0" encoding="UTF-8"?>
<!-- Generated by org.testng.reporters.JUnitReportReporter -->
<testsuite hostname="DESKTOP-NJ1G4M2" failures="0" tests="5" name="testng_practice.keywords" time="0.012" errors="0" timestamp="2023-09-01T15:29:30 IST" skipped="0">
  <testcase classname="testng_practice.keywords" name="m1" time="0.001"/>
  <system-out/>
  <testcase classname="testng_practice.keywords" name="m1" time="0.008"/>
  <system-out/>
  <testcase classname="testng_practice.keywords" name="m1" time="0.001"/>
  <system-out/>
  <testcase classname="testng_practice.keywords" name="m1" time="0.001"/>
  <system-out/>
  <testcase classname="testng_practice.keywords" name="m1" time="0.001"/>
  <system-out/>
</testsuite> <!-- testng_practice.keywords -->
