<?xml version="1.0" encoding="UTF-8"?>
<!-- Generated by org.testng.reporters.JUnitReportReporter -->
<testsuite hostname="DESKTOP-NJ1G4M2" failures="0" tests="1" name="testng_practice.B" time="0.010" errors="0" timestamp="2023-08-30T14:53:15 IST" skipped="0">
  <testcase classname="testng_practice.B" name="m1" time="0.010"/>
  <system-out>
    <![CDATA[Hiiii]]>
  </system-out>
</testsuite> <!-- testng_practice.B -->
