<?xml version="1.0" encoding="UTF-8"?>
<!-- Generated by org.testng.reporters.JUnitReportReporter -->
<testsuite hostname="DESKTOP-NJ1G4M2" failures="0" tests="3" name="testng_practice.mulitiple_printing_testng" time="0.012" errors="0" timestamp="2023-08-30T15:56:20 IST" skipped="0">
  <testcase classname="testng_practice.mulitiple_printing_testng" name="m1" time="0.010"/>
  <system-out>
    <![CDATA[Boss Iam from tc1]]>
  </system-out>
  <testcase classname="testng_practice.mulitiple_printing_testng" name="m2" time="0.001"/>
  <system-out>
    <![CDATA[Boss Iam from tc2]]>
  </system-out>
  <testcase classname="testng_practice.mulitiple_printing_testng" name="m3" time="0.001"/>
  <system-out>
    <![CDATA[Boss Iam from tc3
Boss Iam from tc4]]>
  </system-out>
</testsuite> <!-- testng_practice.mulitiple_printing_testng -->
