<?xml version="1.0" encoding="UTF-8"?>
<!-- Generated by org.testng.reporters.JUnitReportReporter -->
<testsuite hostname="DESKTOP-NJ1G4M2" failures="0" tests="2" name="testng_practice.mulipleclass1" time="0.012" errors="0" timestamp="2023-09-08T20:58:28 IST" skipped="0">
  <testcase classname="testng_practice.mulipleclass1" name="m1" time="0.011"/>
  <system-out>
    <![CDATA[bhavani]]>
  </system-out>
  <testcase classname="testng_practice.mulipleclass1" name="m2" time="0.001"/>
  <system-out>
    <![CDATA[prasad]]>
  </system-out>
</testsuite> <!-- testng_practice.mulipleclass1 -->
