<?xml version="1.0" encoding="UTF-8"?>
<!-- Generated by org.testng.reporters.JUnitReportReporter -->
<testsuite hostname="DESKTOP-NJ1G4M2" failures="0" tests="1" name="testng_practice.timeouts" time="0.018" errors="0" timestamp="2023-09-08T11:41:27 IST" skipped="0">
  <testcase classname="testng_practice.timeouts" name="login" time="0.018"/>
  <system-out>
    <![CDATA[iam login]]>
  </system-out>
</testsuite> <!-- testng_practice.timeouts -->
