<?xml version="1.0" encoding="UTF-8"?>
<!-- Generated by org.testng.reporters.JUnitReportReporter -->
<testsuite hostname="DESKTOP-NJ1G4M2" failures="0" tests="2" name="testng_practice.multipleclass2" time="0.003" errors="0" timestamp="2023-09-08T20:58:28 IST" skipped="0">
  <testcase classname="testng_practice.multipleclass2" name="m3" time="0.001"/>
  <system-out>
    <![CDATA[manoj]]>
  </system-out>
  <testcase classname="testng_practice.multipleclass2" name="m4" time="0.002"/>
  <system-out>
    <![CDATA[kumar]]>
  </system-out>
</testsuite> <!-- testng_practice.multipleclass2 -->
