<?xml version="1.0" encoding="UTF-8"?>
<!-- Generated by org.testng.reporters.JUnitReportReporter -->
<testsuite hostname="DESKTOP-NJ1G4M2" failures="0" tests="2" name="testng_practice.enabledkeyward" time="0.009" errors="0" timestamp="2023-09-08T21:11:11 IST" skipped="1">
  <testcase classname="testng_practice.enabledkeyward" name="m1" time="0.009"/>
  <system-out>
    <![CDATA[bhavaniprasad]]>
  </system-out>
  <testcase classname="testng_practice.enabledkeyward" name="m2">
    <skipped/>
  </testcase> <!-- m2 -->
  <system-out/>
</testsuite> <!-- testng_practice.enabledkeyward -->
