<?xml version="1.0" encoding="UTF-8"?>
<!-- Generated by org.testng.reporters.JUnitReportReporter -->
<testsuite hostname="DESKTOP-NJ1G4M2" failures="0" tests="3" name="testng_practice.Priority" time="0.013" errors="0" timestamp="2023-09-01T15:35:47 IST" skipped="0">
  <testcase classname="testng_practice.Priority" name="m2" time="0.010"/>
  <system-out/>
  <testcase classname="testng_practice.Priority" name="m3" time="0.001"/>
  <system-out/>
  <testcase classname="testng_practice.Priority" name="m1" time="0.002"/>
  <system-out/>
</testsuite> <!-- testng_practice.Priority -->
