<?xml version="1.0" encoding="UTF-8"?>
<!-- Generated by org.testng.reporters.JUnitReportReporter -->
<testsuite hostname="DESKTOP-NJ1G4M2" failures="0" tests="3" name="testng_practice.mulitiple_printing_testng1" time="0.009" errors="0" timestamp="2023-08-30T20:50:02 IST" skipped="0">
  <testcase classname="testng_practice.mulitiple_printing_testng1" name="m1" time="0.007"/>
  <system-out>
    <![CDATA[first test case]]>
  </system-out>
  <testcase classname="testng_practice.mulitiple_printing_testng1" name="m2" time="0.001"/>
  <system-out>
    <![CDATA[second test case]]>
  </system-out>
  <testcase classname="testng_practice.mulitiple_printing_testng1" name="m3" time="0.001"/>
  <system-out>
    <![CDATA[third test case]]>
  </system-out>
</testsuite> <!-- testng_practice.mulitiple_printing_testng1 -->
