<?xml version="1.0" encoding="UTF-8"?>
<!-- Generated by org.testng.reporters.JUnitReportReporter -->
<testsuite hostname="DESKTOP-NJ1G4M2" failures="0" tests="1" name="testng_practice.Annotationtestng" time="0.007" errors="0" timestamp="2023-09-08T20:55:55 IST" skipped="0">
  <testcase classname="testng_practice.Annotationtestng" name="t1" time="0.007"/>
  <system-out>
    <![CDATA[boss iam main testcase]]>
  </system-out>
</testsuite> <!-- testng_practice.Annotationtestng -->
