<?xml version="1.0" encoding="UTF-8"?>
<!-- Generated by org.testng.reporters.JUnitReportReporter -->
<testsuite hostname="DESKTOP-NJ1G4M2" failures="0" tests="1" name="testng_practice.two_printing_testng" time="0.011" errors="0" timestamp="2023-08-30T15:09:08 IST" skipped="0">
  <testcase classname="testng_practice.two_printing_testng" name="m1" time="0.011"/>
  <system-out>
    <![CDATA[Hi how are you sister
hello happy rakhabandan]]>
  </system-out>
</testsuite> <!-- testng_practice.two_printing_testng -->
